{"timestamp": "2026-03-23T04:46:18.504789+00:00", "level": "INFO", "logger": "__main__", "message": "crawl worker started", "event": "crawl_worker_started", "source_code": "ggzy_gov_cn_deal", "crawl_job_id": 52, "job_type": "manual", "triggered_by": "admin_ui", "max_pages": 100}
2026-03-23 12:46:19 [scrapy.utils.log] INFO: Scrapy 2.14.2 started (bot: tender_crawler)
2026-03-23 12:46:19 [scrapy.utils.log] INFO: Versions:
{'lxml': '6.0.2',
 'libxml2': '2.14.6',
 'cssselect': '1.4.0',
 'parsel': '1.11.0',
 'w3lib': '2.4.0',
 'Twisted': '25.5.0',
 'Python': '3.12.3 (main, Mar  3 2026, 12:15:18) [GCC 13.3.0]',
 'pyOpenSSL': '26.0.0 (OpenSSL 3.5.5 27 Jan 2026)',
 'cryptography': '46.0.5',
 'Platform': 'Linux-6.6.87.2-microsoft-standard-WSL2-x86_64-with-glibc2.39'}
2026-03-23 12:46:19 [scrapy.addons] INFO: Enabled addons:
[]
2026-03-23 12:46:19 [scrapy.extensions.telnet] INFO: Telnet Password: 4f8b7a5793014a78
2026-03-23 12:46:19 [scrapy.middleware] INFO: Enabled extensions:
['scrapy.extensions.corestats.CoreStats',
 'scrapy.extensions.logcount.LogCount',
 'scrapy.extensions.telnet.TelnetConsole',
 'scrapy.extensions.memusage.MemoryUsage',
 'scrapy.extensions.logstats.LogStats']
2026-03-23 12:46:19 [scrapy.crawler] INFO: Overridden settings:
{'BOT_NAME': 'tender_crawler',
 'LOG_LEVEL': 'INFO',
 'NEWSPIDER_MODULE': 'tender_crawler.spiders',
 'SPIDER_MODULES': ['tender_crawler.spiders']}
2026-03-23 12:46:19 [scrapy.middleware] INFO: Enabled downloader middlewares:
['scrapy.downloadermiddlewares.offsite.OffsiteMiddleware',
 'scrapy.downloadermiddlewares.httpauth.HttpAuthMiddleware',
 'scrapy.downloadermiddlewares.downloadtimeout.DownloadTimeoutMiddleware',
 'scrapy.downloadermiddlewares.defaultheaders.DefaultHeadersMiddleware',
 'scrapy.downloadermiddlewares.useragent.UserAgentMiddleware',
 'scrapy.downloadermiddlewares.retry.RetryMiddleware',
 'scrapy.downloadermiddlewares.redirect.MetaRefreshMiddleware',
 'scrapy.downloadermiddlewares.httpcompression.HttpCompressionMiddleware',
 'scrapy.downloadermiddlewares.redirect.RedirectMiddleware',
 'scrapy.downloadermiddlewares.cookies.CookiesMiddleware',
 'scrapy.downloadermiddlewares.httpproxy.HttpProxyMiddleware',
 'scrapy.downloadermiddlewares.stats.DownloaderStats']
2026-03-23 12:46:19 [scrapy.middleware] INFO: Enabled spider middlewares:
['scrapy.spidermiddlewares.start.StartSpiderMiddleware',
 'scrapy.spidermiddlewares.httperror.HttpErrorMiddleware',
 'scrapy.spidermiddlewares.referer.RefererMiddleware',
 'scrapy.spidermiddlewares.urllength.UrlLengthMiddleware',
 'scrapy.spidermiddlewares.depth.DepthMiddleware']
2026-03-23 12:46:19 [alembic.runtime.plugins] INFO: setup plugin alembic.autogenerate.schemas
2026-03-23 12:46:19 [alembic.runtime.plugins] INFO: setup plugin alembic.autogenerate.tables
2026-03-23 12:46:19 [alembic.runtime.plugins] INFO: setup plugin alembic.autogenerate.types
2026-03-23 12:46:19 [alembic.runtime.plugins] INFO: setup plugin alembic.autogenerate.constraints
2026-03-23 12:46:19 [alembic.runtime.plugins] INFO: setup plugin alembic.autogenerate.defaults
2026-03-23 12:46:19 [alembic.runtime.plugins] INFO: setup plugin alembic.autogenerate.comments
2026-03-23 12:46:19 [scrapy.middleware] INFO: Enabled item pipelines:
['tender_crawler.pipelines.RawArchivePipeline',
 'tender_crawler.pipelines.AttachmentArchivePipeline',
 'tender_crawler.pipelines.WriterDispatchPipeline']
2026-03-23 12:46:19 [py.warnings] WARNING: /home/m060401819/projects/tender-phase1/.venv/lib/python3.12/site-packages/scrapy/pipelines/__init__.py:41: ScrapyDeprecationWarning: BasePipeline.open_spider() requires a spider argument, this is deprecated and the argument will not be passed in future Scrapy versions. If you need to access the spider instance you can save the crawler instance passed to from_crawler() and use its spider attribute.
  self._check_mw_method_spider_arg(pipe.open_spider)

2026-03-23 12:46:19 [py.warnings] WARNING: /home/m060401819/projects/tender-phase1/.venv/lib/python3.12/site-packages/scrapy/pipelines/__init__.py:44: ScrapyDeprecationWarning: BasePipeline.close_spider() requires a spider argument, this is deprecated and the argument will not be passed in future Scrapy versions. If you need to access the spider instance you can save the crawler instance passed to from_crawler() and use its spider attribute.
  self._check_mw_method_spider_arg(pipe.close_spider)

2026-03-23 12:46:19 [py.warnings] WARNING: /home/m060401819/projects/tender-phase1/.venv/lib/python3.12/site-packages/scrapy/pipelines/__init__.py:47: ScrapyDeprecationWarning: RawArchivePipeline.process_item() requires a spider argument, this is deprecated and the argument will not be passed in future Scrapy versions. If you need to access the spider instance you can save the crawler instance passed to from_crawler() and use its spider attribute.
  self._check_mw_method_spider_arg(pipe.process_item)

2026-03-23 12:46:19 [py.warnings] WARNING: /home/m060401819/projects/tender-phase1/.venv/lib/python3.12/site-packages/scrapy/pipelines/__init__.py:47: ScrapyDeprecationWarning: AttachmentArchivePipeline.process_item() requires a spider argument, this is deprecated and the argument will not be passed in future Scrapy versions. If you need to access the spider instance you can save the crawler instance passed to from_crawler() and use its spider attribute.
  self._check_mw_method_spider_arg(pipe.process_item)

2026-03-23 12:46:19 [py.warnings] WARNING: /home/m060401819/projects/tender-phase1/.venv/lib/python3.12/site-packages/scrapy/pipelines/__init__.py:41: ScrapyDeprecationWarning: WriterDispatchPipeline.open_spider() requires a spider argument, this is deprecated and the argument will not be passed in future Scrapy versions. If you need to access the spider instance you can save the crawler instance passed to from_crawler() and use its spider attribute.
  self._check_mw_method_spider_arg(pipe.open_spider)

2026-03-23 12:46:19 [py.warnings] WARNING: /home/m060401819/projects/tender-phase1/.venv/lib/python3.12/site-packages/scrapy/pipelines/__init__.py:44: ScrapyDeprecationWarning: WriterDispatchPipeline.close_spider() requires a spider argument, this is deprecated and the argument will not be passed in future Scrapy versions. If you need to access the spider instance you can save the crawler instance passed to from_crawler() and use its spider attribute.
  self._check_mw_method_spider_arg(pipe.close_spider)

2026-03-23 12:46:19 [py.warnings] WARNING: /home/m060401819/projects/tender-phase1/.venv/lib/python3.12/site-packages/scrapy/pipelines/__init__.py:47: ScrapyDeprecationWarning: WriterDispatchPipeline.process_item() requires a spider argument, this is deprecated and the argument will not be passed in future Scrapy versions. If you need to access the spider instance you can save the crawler instance passed to from_crawler() and use its spider attribute.
  self._check_mw_method_spider_arg(pipe.process_item)

2026-03-23 12:46:19 [scrapy.core.engine] INFO: Spider opened
2026-03-23 12:46:19 [py.warnings] WARNING: /home/m060401819/projects/tender-phase1/.venv/lib/python3.12/site-packages/scrapy/core/spidermw.py:490: ScrapyDeprecationWarning: tender_crawler.spiders.ggzy_gov_cn_deal_spider.GgzyGovCnDealSpider defines the deprecated start_requests() method. start_requests() has been deprecated in favor of a new method, start(), to support asynchronous code execution. start_requests() will stop being called in a future version of Scrapy. If you use Scrapy 2.13 or higher only, replace start_requests() with start(); note that start() is a coroutine (async def). If you need to maintain compatibility with lower Scrapy versions, when overriding start_requests() in a spider class, override start() as well; you can use super() to reuse the inherited start() implementation without copy-pasting. See the release notes of Scrapy 2.13 for details: https://docs.scrapy.org/en/2.13/news.html
  warn(

2026-03-23 12:46:19 [scrapy.extensions.logstats] INFO: Crawled 0 pages (at 0 pages/min), scraped 0 items (at 0 items/min)
2026-03-23 12:46:19 [scrapy.extensions.telnet] INFO: Telnet console listening on 127.0.0.1:6023
2026-03-23 12:47:19 [scrapy.extensions.logstats] INFO: Crawled 337 pages (at 337 pages/min), scraped 1584 items (at 1584 items/min)
2026-03-23 12:47:47 [scrapy.core.engine] INFO: Closing spider (finished)
2026-03-23 12:47:47 [scrapy.statscollectors] INFO: Dumping Scrapy stats:
{'downloader/request_bytes': 157675,
 'downloader/request_count': 338,
 'downloader/request_method_count/GET': 321,
 'downloader/request_method_count/POST': 17,
 'downloader/response_bytes': 3637683,
 'downloader/response_count': 338,
 'downloader/response_status_count/200': 338,
 'elapsed_time_seconds': 87.265462,
 'finish_reason': 'finished',
 'finish_time': datetime.datetime(2026, 3, 23, 4, 47, 47, 76062, tzinfo=datetime.timezone.utc),
 'item_scraped_count': 1586,
 'items_per_minute': 1093.7931034482758,
 'log_count/INFO': 4,
 'memusage/max': 144793600,
 'memusage/startup': 121987072,
 'request_depth_max': 17,
 'response_received_count': 338,
 'responses_per_minute': 233.10344827586206,
 'scheduler/dequeued': 338,
 'scheduler/dequeued/memory': 338,
 'scheduler/enqueued': 338,
 'scheduler/enqueued/memory': 338,
 'start_time': datetime.datetime(2026, 3, 23, 4, 46, 19, 810600, tzinfo=datetime.timezone.utc)}
2026-03-23 12:47:47 [scrapy.core.engine] INFO: Spider closed (finished)
{"timestamp": "2026-03-23T04:47:47.640809+00:00", "level": "INFO", "logger": "__main__", "message": "crawl worker finished", "event": "crawl_worker_finished", "source_code": "ggzy_gov_cn_deal", "crawl_job_id": 52, "job_type": "manual", "triggered_by": "admin_ui", "max_pages": 100}
