{"timestamp": "2026-03-23T01:40:32.285407+00:00", "level": "INFO", "logger": "__main__", "message": "crawl worker started", "event": "crawl_worker_started", "source_code": "anhui_ggzy_zfcg", "crawl_job_id": 25, "job_type": "manual", "triggered_by": "admin_ui"}
2026-03-23 09:40:33 [scrapy.utils.log] INFO: Scrapy 2.14.2 started (bot: tender_crawler)
2026-03-23 09:40:33 [scrapy.utils.log] INFO: Versions:
{'lxml': '6.0.2',
 'libxml2': '2.14.6',
 'cssselect': '1.4.0',
 'parsel': '1.11.0',
 'w3lib': '2.4.0',
 'Twisted': '25.5.0',
 'Python': '3.12.3 (main, Mar  3 2026, 12:15:18) [GCC 13.3.0]',
 'pyOpenSSL': '26.0.0 (OpenSSL 3.5.5 27 Jan 2026)',
 'cryptography': '46.0.5',
 'Platform': 'Linux-6.6.87.2-microsoft-standard-WSL2-x86_64-with-glibc2.39'}
2026-03-23 09:40:33 [scrapy.addons] INFO: Enabled addons:
[]
2026-03-23 09:40:33 [scrapy.extensions.telnet] INFO: Telnet Password: 027e6f23f380d0bf
2026-03-23 09:40:33 [scrapy.middleware] INFO: Enabled extensions:
['scrapy.extensions.corestats.CoreStats',
 'scrapy.extensions.logcount.LogCount',
 'scrapy.extensions.telnet.TelnetConsole',
 'scrapy.extensions.memusage.MemoryUsage',
 'scrapy.extensions.logstats.LogStats']
2026-03-23 09:40:33 [scrapy.crawler] INFO: Overridden settings:
{'BOT_NAME': 'tender_crawler',
 'LOG_LEVEL': 'INFO',
 'NEWSPIDER_MODULE': 'tender_crawler.spiders',
 'SPIDER_MODULES': ['tender_crawler.spiders']}
2026-03-23 09:40:33 [scrapy.middleware] INFO: Enabled downloader middlewares:
['scrapy.downloadermiddlewares.offsite.OffsiteMiddleware',
 'scrapy.downloadermiddlewares.httpauth.HttpAuthMiddleware',
 'scrapy.downloadermiddlewares.downloadtimeout.DownloadTimeoutMiddleware',
 'scrapy.downloadermiddlewares.defaultheaders.DefaultHeadersMiddleware',
 'scrapy.downloadermiddlewares.useragent.UserAgentMiddleware',
 'scrapy.downloadermiddlewares.retry.RetryMiddleware',
 'scrapy.downloadermiddlewares.redirect.MetaRefreshMiddleware',
 'scrapy.downloadermiddlewares.httpcompression.HttpCompressionMiddleware',
 'scrapy.downloadermiddlewares.redirect.RedirectMiddleware',
 'scrapy.downloadermiddlewares.cookies.CookiesMiddleware',
 'scrapy.downloadermiddlewares.httpproxy.HttpProxyMiddleware',
 'scrapy.downloadermiddlewares.stats.DownloaderStats']
2026-03-23 09:40:33 [scrapy.middleware] INFO: Enabled spider middlewares:
['scrapy.spidermiddlewares.start.StartSpiderMiddleware',
 'scrapy.spidermiddlewares.httperror.HttpErrorMiddleware',
 'scrapy.spidermiddlewares.referer.RefererMiddleware',
 'scrapy.spidermiddlewares.urllength.UrlLengthMiddleware',
 'scrapy.spidermiddlewares.depth.DepthMiddleware']
2026-03-23 09:40:34 [alembic.runtime.plugins] INFO: setup plugin alembic.autogenerate.schemas
2026-03-23 09:40:34 [alembic.runtime.plugins] INFO: setup plugin alembic.autogenerate.tables
2026-03-23 09:40:34 [alembic.runtime.plugins] INFO: setup plugin alembic.autogenerate.types
2026-03-23 09:40:34 [alembic.runtime.plugins] INFO: setup plugin alembic.autogenerate.constraints
2026-03-23 09:40:34 [alembic.runtime.plugins] INFO: setup plugin alembic.autogenerate.defaults
2026-03-23 09:40:34 [alembic.runtime.plugins] INFO: setup plugin alembic.autogenerate.comments
2026-03-23 09:40:34 [scrapy.middleware] INFO: Enabled item pipelines:
['tender_crawler.pipelines.RawArchivePipeline',
 'tender_crawler.pipelines.AttachmentArchivePipeline',
 'tender_crawler.pipelines.WriterDispatchPipeline']
2026-03-23 09:40:34 [py.warnings] WARNING: /home/m060401819/projects/tender-phase1/.venv/lib/python3.12/site-packages/scrapy/pipelines/__init__.py:41: ScrapyDeprecationWarning: BasePipeline.open_spider() requires a spider argument, this is deprecated and the argument will not be passed in future Scrapy versions. If you need to access the spider instance you can save the crawler instance passed to from_crawler() and use its spider attribute.
  self._check_mw_method_spider_arg(pipe.open_spider)

2026-03-23 09:40:34 [py.warnings] WARNING: /home/m060401819/projects/tender-phase1/.venv/lib/python3.12/site-packages/scrapy/pipelines/__init__.py:44: ScrapyDeprecationWarning: BasePipeline.close_spider() requires a spider argument, this is deprecated and the argument will not be passed in future Scrapy versions. If you need to access the spider instance you can save the crawler instance passed to from_crawler() and use its spider attribute.
  self._check_mw_method_spider_arg(pipe.close_spider)

2026-03-23 09:40:34 [py.warnings] WARNING: /home/m060401819/projects/tender-phase1/.venv/lib/python3.12/site-packages/scrapy/pipelines/__init__.py:47: ScrapyDeprecationWarning: RawArchivePipeline.process_item() requires a spider argument, this is deprecated and the argument will not be passed in future Scrapy versions. If you need to access the spider instance you can save the crawler instance passed to from_crawler() and use its spider attribute.
  self._check_mw_method_spider_arg(pipe.process_item)

2026-03-23 09:40:34 [py.warnings] WARNING: /home/m060401819/projects/tender-phase1/.venv/lib/python3.12/site-packages/scrapy/pipelines/__init__.py:47: ScrapyDeprecationWarning: AttachmentArchivePipeline.process_item() requires a spider argument, this is deprecated and the argument will not be passed in future Scrapy versions. If you need to access the spider instance you can save the crawler instance passed to from_crawler() and use its spider attribute.
  self._check_mw_method_spider_arg(pipe.process_item)

2026-03-23 09:40:34 [py.warnings] WARNING: /home/m060401819/projects/tender-phase1/.venv/lib/python3.12/site-packages/scrapy/pipelines/__init__.py:41: ScrapyDeprecationWarning: WriterDispatchPipeline.open_spider() requires a spider argument, this is deprecated and the argument will not be passed in future Scrapy versions. If you need to access the spider instance you can save the crawler instance passed to from_crawler() and use its spider attribute.
  self._check_mw_method_spider_arg(pipe.open_spider)

2026-03-23 09:40:34 [py.warnings] WARNING: /home/m060401819/projects/tender-phase1/.venv/lib/python3.12/site-packages/scrapy/pipelines/__init__.py:44: ScrapyDeprecationWarning: WriterDispatchPipeline.close_spider() requires a spider argument, this is deprecated and the argument will not be passed in future Scrapy versions. If you need to access the spider instance you can save the crawler instance passed to from_crawler() and use its spider attribute.
  self._check_mw_method_spider_arg(pipe.close_spider)

2026-03-23 09:40:34 [py.warnings] WARNING: /home/m060401819/projects/tender-phase1/.venv/lib/python3.12/site-packages/scrapy/pipelines/__init__.py:47: ScrapyDeprecationWarning: WriterDispatchPipeline.process_item() requires a spider argument, this is deprecated and the argument will not be passed in future Scrapy versions. If you need to access the spider instance you can save the crawler instance passed to from_crawler() and use its spider attribute.
  self._check_mw_method_spider_arg(pipe.process_item)

2026-03-23 09:40:34 [scrapy.core.engine] INFO: Spider opened
2026-03-23 09:40:34 [py.warnings] WARNING: /home/m060401819/projects/tender-phase1/.venv/lib/python3.12/site-packages/scrapy/core/spidermw.py:490: ScrapyDeprecationWarning: tender_crawler.spiders.base_source_spider.BaseSourceSpider (inherited by tender_crawler.spiders.anhui_ggzy_zfcg_spider.AnhuiGgzyZfcgSpider) defines the deprecated start_requests() method. start_requests() has been deprecated in favor of a new method, start(), to support asynchronous code execution. start_requests() will stop being called in a future version of Scrapy. If you use Scrapy 2.13 or higher only, replace start_requests() with start(); note that start() is a coroutine (async def). If you need to maintain compatibility with lower Scrapy versions, when overriding start_requests() in a spider class, override start() as well; you can use super() to reuse the inherited start() implementation without copy-pasting. See the release notes of Scrapy 2.13 for details: https://docs.scrapy.org/en/2.13/news.html
  warn(

2026-03-23 09:40:34 [scrapy.extensions.logstats] INFO: Crawled 0 pages (at 0 pages/min), scraped 0 items (at 0 items/min)
2026-03-23 09:40:34 [scrapy.utils.signal] ERROR: Error caught on signal handler: <bound method TelnetConsole.start_listening of <scrapy.extensions.telnet.TelnetConsole object at 0x78be1f50d640>>
Traceback (most recent call last):
  File "/home/m060401819/projects/tender-phase1/.venv/lib/python3.12/site-packages/scrapy/utils/signal.py", line 192, in handler
    robustApply(
  File "/home/m060401819/projects/tender-phase1/.venv/lib/python3.12/site-packages/pydispatch/robustapply.py", line 55, in robustApply
    return receiver(*arguments, **named)
           ^^^^^^^^^^^^^^^^^^^^^^^^^^^^^
  File "/home/m060401819/projects/tender-phase1/.venv/lib/python3.12/site-packages/scrapy/extensions/telnet.py", line 68, in start_listening
    self.port: Port = listen_tcp(self.portrange, self.host, self)
                      ^^^^^^^^^^^^^^^^^^^^^^^^^^^^^^^^^^^^^^^^^^^
  File "/home/m060401819/projects/tender-phase1/.venv/lib/python3.12/site-packages/scrapy/utils/reactor.py", line 41, in listen_tcp
    return reactor.listenTCP(x, factory, interface=host)
           ^^^^^^^^^^^^^^^^^^^^^^^^^^^^^^^^^^^^^^^^^^^^^
  File "/home/m060401819/projects/tender-phase1/.venv/lib/python3.12/site-packages/twisted/internet/posixbase.py", line 366, in listenTCP
    p.startListening()
  File "/home/m060401819/projects/tender-phase1/.venv/lib/python3.12/site-packages/twisted/internet/tcp.py", line 1361, in startListening
    skt.listen(self.backlog)
OSError: [Errno 98] Address already in use
2026-03-23 09:40:35 [anhui_ggzy_zfcg] INFO: list pagination: current_page_no=1 page_url=https://ggzy.ah.gov.cn/zfcg/list?bulletinNature=1&time=1 page_state=max_page_no=1,has_next_control=True,next_page=2,backfill_year=None page_item_count=0 new_unique_item_count=0
2026-03-23 09:40:35 [anhui_ggzy_zfcg] INFO: stop pagination by empty list page: current_page_no=1
2026-03-23 09:40:35 [scrapy.core.engine] INFO: Closing spider (finished)
2026-03-23 09:40:35 [scrapy.statscollectors] INFO: Dumping Scrapy stats:
{'downloader/request_bytes': 248,
 'downloader/request_count': 1,
 'downloader/request_method_count/GET': 1,
 'downloader/response_bytes': 25239,
 'downloader/response_count': 1,
 'downloader/response_status_count/200': 1,
 'elapsed_time_seconds': 1.043074,
 'finish_reason': 'finished',
 'finish_time': datetime.datetime(2026, 3, 23, 1, 40, 35, 666526, tzinfo=datetime.timezone.utc),
 'item_scraped_count': 1,
 'items_per_minute': 60.0,
 'log_count/ERROR': 1,
 'log_count/INFO': 4,
 'memusage/max': 121995264,
 'memusage/startup': 121995264,
 'response_received_count': 1,
 'responses_per_minute': 60.0,
 'scheduler/dequeued': 1,
 'scheduler/dequeued/memory': 1,
 'scheduler/enqueued': 1,
 'scheduler/enqueued/memory': 1,
 'start_time': datetime.datetime(2026, 3, 23, 1, 40, 34, 623452, tzinfo=datetime.timezone.utc)}
2026-03-23 09:40:35 [scrapy.core.engine] INFO: Spider closed (finished)
2026-03-23 09:40:35 [scrapy.utils.signal] ERROR: Error caught on signal handler: <bound method TelnetConsole.stop_listening of <scrapy.extensions.telnet.TelnetConsole object at 0x78be1f50d640>>
Traceback (most recent call last):
  File "/home/m060401819/projects/tender-phase1/.venv/lib/python3.12/site-packages/scrapy/utils/signal.py", line 192, in handler
    robustApply(
  File "/home/m060401819/projects/tender-phase1/.venv/lib/python3.12/site-packages/pydispatch/robustapply.py", line 55, in robustApply
    return receiver(*arguments, **named)
           ^^^^^^^^^^^^^^^^^^^^^^^^^^^^^
  File "/home/m060401819/projects/tender-phase1/.venv/lib/python3.12/site-packages/scrapy/extensions/telnet.py", line 77, in stop_listening
    self.port.stopListening()
    ^^^^^^^^^
AttributeError: 'TelnetConsole' object has no attribute 'port'
{"timestamp": "2026-03-23T01:40:36.380508+00:00", "level": "INFO", "logger": "__main__", "message": "crawl worker finished", "event": "crawl_worker_finished", "source_code": "anhui_ggzy_zfcg", "crawl_job_id": 25, "job_type": "manual", "triggered_by": "admin_ui"}
